<?xml version="1.0" encoding="UTF-8"?>
<!-- Generated by org.testng.reporters.JUnitReportReporter -->
<testsuite hostname="DESKTOP-3CHMCE1" name="by.htp.onliner.NewTest" tests="3" failures="0" timestamp="19 Apr 2018 23:35:26 GMT" time="13.595" errors="0">
  <testcase name="checkIfExecutorsArePresent" time="6.613" classname="by.htp.onliner.NewTest"/>
  <testcase name="checkForValidExecutor" time="4.477" classname="by.htp.onliner.NewTest"/>
  <testcase name="checkExecutorsForSpecificService" time="2.505" classname="by.htp.onliner.NewTest"/>
</testsuite> <!-- by.htp.onliner.NewTest -->
